<?xml version="1.0" encoding="UTF-8"?>
<!-- Generated by org.testng.reporters.JUnitReportReporter -->
<testsuite hostname="LAPTOP-01NIDKDI" failures="0" tests="1" name="com.ShoppersStack_Ganesh.Verify_User_is_able_to_Add_Address_Test" time="15.062" errors="0" timestamp="2024-07-29T09:55:46 IST" skipped="0">
  <testcase classname="com.ShoppersStack_Ganesh.Verify_User_is_able_to_Add_Address_Test" name="addAddress" time="15.062"/>
</testsuite> <!-- com.ShoppersStack_Ganesh.Verify_User_is_able_to_Add_Address_Test -->
